2025-11-06 20:59:33 | INFO     | core.pipeline:__init__ - Data Ingestion Pipeline initialized
2025-11-06 20:59:33 | INFO     | core.pipeline:process_file - Processing file: examples/Rebhi_Mohamed_Amine_Grades.pdf
2025-11-06 20:59:33 | INFO     | core.format_detector:detect - Detecting format for: examples/Rebhi_Mohamed_Amine_Grades.pdf
2025-11-06 21:00:46 | WARNING  | core.format_detector:_detect_with_tika - Tika detection failed: Unable to start Tika server.
2025-11-06 21:00:46 | INFO     | core.format_detector:detect - Detected format: {'format_type': 'pdf', 'mime_type': 'application/pdf', 'extension': '.pdf'}
2025-11-06 21:00:46 | INFO     | core.pipeline:process_file - Detected format: pdf
2025-11-06 21:00:46 | INFO     | extractors.pdf_extractor:extract - Extracting PDF: examples/Rebhi_Mohamed_Amine_Grades.pdf
2025-11-06 21:00:46 | INFO     | core.pipeline:process_file - Processing completed in 73.33s
2025-11-06 21:00:46 | INFO     | core.pipeline:process_file - Processing file: examples/architecture.docx
2025-11-06 21:00:46 | INFO     | core.format_detector:detect - Detecting format for: examples/architecture.docx
2025-11-06 21:01:02 | WARNING  | core.format_detector:_detect_with_tika - Tika detection failed: Unable to start Tika server.
2025-11-06 21:01:02 | INFO     | core.format_detector:detect - Detected format: {'format_type': 'docx', 'mime_type': 'application/vnd.openxmlformats-officedocument.wordprocessingml.document', 'extension': '.docx'}
2025-11-06 21:01:02 | INFO     | core.pipeline:process_file - Detected format: docx
2025-11-06 21:01:02 | INFO     | extractors.docx_extractor:extract - Extracting DOCX: examples/architecture.docx
2025-11-06 21:01:02 | INFO     | core.pipeline:process_file - Processing completed in 15.55s
2025-11-06 21:01:02 | INFO     | core.pipeline:process_file - Processing file: examples/image.png
2025-11-06 21:01:02 | INFO     | core.format_detector:detect - Detecting format for: examples/image.png
2025-11-06 21:01:17 | WARNING  | core.format_detector:_detect_with_tika - Tika detection failed: Unable to start Tika server.
2025-11-06 21:01:17 | INFO     | core.format_detector:detect - Detected format: {'format_type': 'image', 'mime_type': 'image/png', 'extension': '.png'}
2025-11-06 21:01:17 | INFO     | core.pipeline:process_file - Detected format: image
2025-11-06 21:01:17 | INFO     | extractors.ocr_extractor:extract - Extracting text via OCR: examples/image.png
2025-11-06 21:01:17 | INFO     | core.pipeline:process_file - Processing completed in 15.64s
2025-11-06 21:01:17 | INFO     | core.pipeline:process_file - Processing file: examples/Machine learning - Wikipedia.html
2025-11-06 21:01:17 | INFO     | core.format_detector:detect - Detecting format for: examples/Machine learning - Wikipedia.html
2025-11-06 21:01:33 | WARNING  | core.format_detector:_detect_with_tika - Tika detection failed: Unable to start Tika server.
2025-11-06 21:01:33 | INFO     | core.format_detector:detect - Detected format: {'format_type': 'web', 'mime_type': 'text/html', 'extension': '.html'}
2025-11-06 21:01:33 | INFO     | core.pipeline:process_file - Detected format: web
2025-11-06 21:01:33 | INFO     | extractors.web_extractor:extract - Extracting web content: examples/Machine learning - Wikipedia.html
2025-11-06 21:01:33 | INFO     | core.pipeline:process_file - Processing completed in 15.92s
2025-11-06 21:01:33 | INFO     | core.pipeline:process_file - Processing file: examples/Jon_Worthy_-_Things_We_Cant_Ignore.mp3
2025-11-06 21:01:33 | INFO     | core.format_detector:detect - Detecting format for: examples/Jon_Worthy_-_Things_We_Cant_Ignore.mp3
2025-11-06 21:01:49 | WARNING  | core.format_detector:_detect_with_tika - Tika detection failed: Unable to start Tika server.
2025-11-06 21:01:49 | INFO     | core.format_detector:detect - Detected format: {'format_type': 'audio', 'mime_type': 'audio/mpeg', 'extension': '.mp3'}
2025-11-06 21:01:49 | INFO     | core.pipeline:process_file - Detected format: audio
2025-11-06 21:01:49 | INFO     | core.pipeline:_get_extractor - Loading Audio Extractor (Whisper)...
2025-11-06 21:01:49 | INFO     | extractors.audio_extractor:__init__ - Loading Whisper model: large-v3
2025-11-06 21:01:49 | ERROR    | core.pipeline:process_file - Pipeline processing failed: module 'whisper' has no attribute 'load_model'
2025-11-06 21:01:49 | INFO     | core.pipeline:process_file - Processing file: lecture.mp4
2025-11-06 21:01:49 | ERROR    | utils.file_handler:validate_file - File does not exist: lecture.mp4
2025-11-06 21:01:49 | INFO     | core.pipeline:process_batch - Processing batch of 3 files
2025-11-06 21:01:49 | INFO     | core.pipeline:process_file - Processing file: file1.pdf
2025-11-06 21:01:49 | ERROR    | utils.file_handler:validate_file - File does not exist: file1.pdf
2025-11-06 21:01:49 | INFO     | core.pipeline:process_file - Processing file: file2.docx
2025-11-06 21:01:49 | ERROR    | utils.file_handler:validate_file - File does not exist: file2.docx
2025-11-06 21:01:49 | INFO     | core.pipeline:process_file - Processing file: file3.html
2025-11-06 21:01:49 | ERROR    | utils.file_handler:validate_file - File does not exist: file3.html
2025-11-06 21:10:08 | INFO     | core.pipeline:__init__ - Data Ingestion Pipeline initialized
2025-11-06 21:10:08 | INFO     | core.pipeline:process_file - Processing file: examples/Rebhi_Mohamed_Amine_Grades.pdf
2025-11-06 21:10:08 | INFO     | core.format_detector:detect - Detecting format for: examples/Rebhi_Mohamed_Amine_Grades.pdf
2025-11-06 21:10:23 | WARNING  | core.format_detector:_detect_with_tika - Tika detection failed: Unable to start Tika server.
2025-11-06 21:10:23 | INFO     | core.format_detector:detect - Detected format: {'format_type': 'pdf', 'mime_type': 'application/pdf', 'extension': '.pdf'}
2025-11-06 21:10:23 | INFO     | core.pipeline:process_file - Detected format: pdf
2025-11-06 21:10:23 | INFO     | extractors.pdf_extractor:extract - Extracting PDF: examples/Rebhi_Mohamed_Amine_Grades.pdf
2025-11-06 21:10:23 | INFO     | core.pipeline:process_file - Processing completed in 15.35s
2025-11-06 21:10:23 | INFO     | core.pipeline:process_file - Processing file: examples/architecture.docx
2025-11-06 21:10:23 | INFO     | core.format_detector:detect - Detecting format for: examples/architecture.docx
2025-11-06 21:10:38 | WARNING  | core.format_detector:_detect_with_tika - Tika detection failed: Unable to start Tika server.
2025-11-06 21:10:38 | INFO     | core.format_detector:detect - Detected format: {'format_type': 'docx', 'mime_type': 'application/vnd.openxmlformats-officedocument.wordprocessingml.document', 'extension': '.docx'}
2025-11-06 21:10:38 | INFO     | core.pipeline:process_file - Detected format: docx
2025-11-06 21:10:38 | INFO     | extractors.docx_extractor:extract - Extracting DOCX: examples/architecture.docx
2025-11-06 21:10:39 | INFO     | core.pipeline:process_file - Processing completed in 15.46s
2025-11-06 21:10:39 | INFO     | core.pipeline:process_file - Processing file: examples/image.png
2025-11-06 21:10:39 | INFO     | core.format_detector:detect - Detecting format for: examples/image.png
2025-11-06 21:10:54 | WARNING  | core.format_detector:_detect_with_tika - Tika detection failed: Unable to start Tika server.
2025-11-06 21:10:54 | INFO     | core.format_detector:detect - Detected format: {'format_type': 'image', 'mime_type': 'image/png', 'extension': '.png'}
2025-11-06 21:10:54 | INFO     | core.pipeline:process_file - Detected format: image
2025-11-06 21:10:54 | INFO     | extractors.ocr_extractor:extract - Extracting text via OCR: examples/image.png
2025-11-06 21:10:54 | INFO     | core.pipeline:process_file - Processing completed in 15.80s
2025-11-06 21:10:54 | INFO     | core.pipeline:process_file - Processing file: examples/Machine learning - Wikipedia.html
2025-11-06 21:10:54 | INFO     | core.format_detector:detect - Detecting format for: examples/Machine learning - Wikipedia.html
2025-11-06 21:11:10 | WARNING  | core.format_detector:_detect_with_tika - Tika detection failed: Unable to start Tika server.
2025-11-06 21:11:10 | INFO     | core.format_detector:detect - Detected format: {'format_type': 'web', 'mime_type': 'text/html', 'extension': '.html'}
2025-11-06 21:11:10 | INFO     | core.pipeline:process_file - Detected format: web
2025-11-06 21:11:10 | INFO     | extractors.web_extractor:extract - Extracting web content: examples/Machine learning - Wikipedia.html
2025-11-06 21:11:10 | INFO     | core.pipeline:process_file - Processing completed in 16.00s
2025-11-06 21:11:10 | INFO     | core.pipeline:process_file - Processing file: examples/Jon_Worthy_-_Things_We_Cant_Ignore.mp3
2025-11-06 21:11:10 | INFO     | core.format_detector:detect - Detecting format for: examples/Jon_Worthy_-_Things_We_Cant_Ignore.mp3
2025-11-06 21:11:26 | WARNING  | core.format_detector:_detect_with_tika - Tika detection failed: Unable to start Tika server.
2025-11-06 21:11:26 | INFO     | core.format_detector:detect - Detected format: {'format_type': 'audio', 'mime_type': 'audio/mpeg', 'extension': '.mp3'}
2025-11-06 21:11:26 | INFO     | core.pipeline:process_file - Detected format: audio
2025-11-06 21:11:26 | INFO     | core.pipeline:_get_extractor - Loading Audio Extractor (Whisper)...
2025-11-06 21:11:26 | INFO     | extractors.audio_extractor:__init__ - Loading Whisper model: large-v3
2025-11-06 21:32:25 | INFO     | core.pipeline:__init__ - Data Ingestion Pipeline initialized
2025-11-06 21:32:25 | INFO     | core.pipeline:process_file - Processing file: examples/Rebhi_Mohamed_Amine_Grades.pdf
2025-11-06 21:32:25 | INFO     | core.format_detector:detect - Detecting format for: examples/Rebhi_Mohamed_Amine_Grades.pdf
2025-11-06 21:33:32 | WARNING  | core.format_detector:_detect_with_tika - Tika detection failed: Unable to start Tika server.
2025-11-06 21:33:32 | INFO     | core.format_detector:detect - Detected format: {'format_type': 'pdf', 'mime_type': 'application/pdf', 'extension': '.pdf'}
2025-11-06 21:33:32 | INFO     | core.pipeline:process_file - Detected format: pdf
2025-11-06 21:33:32 | INFO     | extractors.pdf_extractor:extract - Extracting PDF: examples/Rebhi_Mohamed_Amine_Grades.pdf
2025-11-06 21:33:32 | INFO     | core.pipeline:process_file - Processing completed in 66.26s
2025-11-06 21:33:32 | INFO     | core.pipeline:process_file - Processing file: examples/architecture.docx
2025-11-06 21:33:32 | INFO     | core.format_detector:detect - Detecting format for: examples/architecture.docx
2025-11-06 21:33:47 | WARNING  | core.format_detector:_detect_with_tika - Tika detection failed: Unable to start Tika server.
2025-11-06 21:33:47 | INFO     | core.format_detector:detect - Detected format: {'format_type': 'docx', 'mime_type': 'application/vnd.openxmlformats-officedocument.wordprocessingml.document', 'extension': '.docx'}
2025-11-06 21:33:47 | INFO     | core.pipeline:process_file - Detected format: docx
2025-11-06 21:33:47 | INFO     | extractors.docx_extractor:extract - Extracting DOCX: examples/architecture.docx
2025-11-06 21:33:47 | INFO     | core.pipeline:process_file - Processing completed in 15.41s
2025-11-06 21:33:47 | INFO     | core.pipeline:process_file - Processing file: examples/image.png
2025-11-06 21:33:47 | INFO     | core.format_detector:detect - Detecting format for: examples/image.png
2025-11-06 21:34:02 | WARNING  | core.format_detector:_detect_with_tika - Tika detection failed: Unable to start Tika server.
2025-11-06 21:34:02 | INFO     | core.format_detector:detect - Detected format: {'format_type': 'image', 'mime_type': 'image/png', 'extension': '.png'}
2025-11-06 21:34:02 | INFO     | core.pipeline:process_file - Detected format: image
2025-11-06 21:34:02 | INFO     | extractors.ocr_extractor:extract - Extracting text via OCR: examples/image.png
2025-11-06 21:34:03 | INFO     | core.pipeline:process_file - Processing completed in 15.63s
2025-11-06 21:34:03 | INFO     | core.pipeline:process_file - Processing file: examples/Machine learning - Wikipedia.html
2025-11-06 21:34:03 | INFO     | core.format_detector:detect - Detecting format for: examples/Machine learning - Wikipedia.html
2025-11-06 21:34:18 | WARNING  | core.format_detector:_detect_with_tika - Tika detection failed: Unable to start Tika server.
2025-11-06 21:34:18 | INFO     | core.format_detector:detect - Detected format: {'format_type': 'web', 'mime_type': 'text/html', 'extension': '.html'}
2025-11-06 21:34:18 | INFO     | core.pipeline:process_file - Detected format: web
2025-11-06 21:34:18 | INFO     | extractors.web_extractor:extract - Extracting web content: examples/Machine learning - Wikipedia.html
2025-11-06 21:34:19 | INFO     | core.pipeline:process_file - Processing completed in 15.96s
2025-11-06 21:34:19 | INFO     | core.pipeline:process_file - Processing file: examples/Jon_Worthy_-_Things_We_Cant_Ignore.mp3
2025-11-06 21:34:19 | INFO     | core.format_detector:detect - Detecting format for: examples/Jon_Worthy_-_Things_We_Cant_Ignore.mp3
2025-11-06 21:34:34 | WARNING  | core.format_detector:_detect_with_tika - Tika detection failed: Unable to start Tika server.
2025-11-06 21:34:34 | INFO     | core.format_detector:detect - Detected format: {'format_type': 'audio', 'mime_type': 'audio/mpeg', 'extension': '.mp3'}
2025-11-06 21:34:34 | INFO     | core.pipeline:process_file - Detected format: audio
2025-11-06 21:34:34 | INFO     | core.pipeline:_get_extractor - Loading Audio Extractor (Whisper)...
2025-11-06 21:34:34 | INFO     | extractors.audio_extractor:__init__ - Loading Whisper model: large-v3
2025-11-06 22:02:35 | ERROR    | core.pipeline:process_file - Pipeline processing failed: Model has been downloaded but the SHA256 checksum does not not match. Please retry loading the model.
2025-11-06 22:02:35 | INFO     | core.pipeline:process_file - Processing file: lecture.mp4
2025-11-06 22:02:35 | ERROR    | utils.file_handler:validate_file - File does not exist: lecture.mp4
2025-11-06 22:02:35 | INFO     | core.pipeline:process_batch - Processing batch of 3 files
2025-11-06 22:02:35 | INFO     | core.pipeline:process_file - Processing file: examples/Rebhi_Mohamed_Amine_Grades.pdf
2025-11-06 22:02:35 | INFO     | core.format_detector:detect - Detecting format for: examples/Rebhi_Mohamed_Amine_Grades.pdf
2025-11-06 22:02:50 | WARNING  | core.format_detector:_detect_with_tika - Tika detection failed: Unable to start Tika server.
2025-11-06 22:02:50 | INFO     | core.format_detector:detect - Detected format: {'format_type': 'pdf', 'mime_type': 'application/pdf', 'extension': '.pdf'}
2025-11-06 22:02:50 | INFO     | core.pipeline:process_file - Detected format: pdf
2025-11-06 22:02:50 | INFO     | extractors.pdf_extractor:extract - Extracting PDF: examples/Rebhi_Mohamed_Amine_Grades.pdf
2025-11-06 22:02:50 | INFO     | core.pipeline:process_file - Processing completed in 15.30s
2025-11-06 22:02:50 | INFO     | core.pipeline:process_file - Processing file: examples/architecture.docx
2025-11-06 22:02:50 | INFO     | core.format_detector:detect - Detecting format for: examples/architecture.docx
2025-11-06 22:03:05 | WARNING  | core.format_detector:_detect_with_tika - Tika detection failed: Unable to start Tika server.
2025-11-06 22:03:05 | INFO     | core.format_detector:detect - Detected format: {'format_type': 'docx', 'mime_type': 'application/vnd.openxmlformats-officedocument.wordprocessingml.document', 'extension': '.docx'}
2025-11-06 22:03:05 | INFO     | core.pipeline:process_file - Detected format: docx
2025-11-06 22:03:05 | INFO     | extractors.docx_extractor:extract - Extracting DOCX: examples/architecture.docx
2025-11-06 22:03:06 | INFO     | core.pipeline:process_file - Processing completed in 15.36s
2025-11-06 22:03:06 | INFO     | core.pipeline:process_file - Processing file: examples/Machine learning - Wikipedia.html
2025-11-06 22:03:06 | INFO     | core.format_detector:detect - Detecting format for: examples/Machine learning - Wikipedia.html
2025-11-06 22:03:21 | WARNING  | core.format_detector:_detect_with_tika - Tika detection failed: Unable to start Tika server.
2025-11-06 22:03:21 | INFO     | core.format_detector:detect - Detected format: {'format_type': 'web', 'mime_type': 'text/html', 'extension': '.html'}
2025-11-06 22:03:21 | INFO     | core.pipeline:process_file - Detected format: web
2025-11-06 22:03:21 | INFO     | extractors.web_extractor:extract - Extracting web content: examples/Machine learning - Wikipedia.html
2025-11-06 22:03:22 | INFO     | core.pipeline:process_file - Processing completed in 15.92s
